make all --print-data-base --no-builtin-variables --no-builtin-rules --question
# GNU Make 3.81
# Copyright (C) 2006  Free Software Foundation, Inc.
# This is free software; see the source for copying conditions.
# There is NO warranty; not even for MERCHANTABILITY or FITNESS FOR A
# PARTICULAR PURPOSE.

# This program built for i386-apple-darwin11.3.0

# Make data base, printed on Tue Sep 13 14:27:09 2022

# Variables

# automatic
<D = $(patsubst %/,%,$(dir $<))
# automatic
?F = $(notdir $?)
# environment
NVM_INC = /Users/nuntapongsiripanyawong/.nvm/versions/node/v18.0.0/include/node
# automatic
?D = $(patsubst %/,%,$(dir $?))
# environment
GRADLE_HOME = /Users/nuntapongsiripanyawong/.sdkman/candidates/gradle/current
# environment
rvm_path = /Users/nuntapongsiripanyawong/.rvm
# automatic
@D = $(patsubst %/,%,$(dir $@))
# automatic
@F = $(notdir $@)
# makefile
CURDIR := /Users/nuntapongsiripanyawong/go-echo
# makefile
SHELL = /bin/sh
# environment
VSCODE_NLS_CONFIG = {"locale":"en-us","availableLanguages":{},"_languagePackSupport":true}
# environment
_ = /usr/bin/make
# makefile (from `Makefile', line 1)
MAKEFILE_LIST :=  Makefile
# environment
VSCODE_AMD_ENTRYPOINT = vs/workbench/api/node/extensionHostProcess
# environment
__CFBundleIdentifier = com.microsoft.VSCode
# environment
INFOPATH = /opt/homebrew/share/info:
# environment
P9K_SSH = 0
# environment
VSCODE_CWD = /
# environment
GOPROXY = https://proxy.golang.org,direct
# environment
PATH = /Users/nuntapongsiripanyawong/sdk/go/bin:/Users/nuntapongsiripanyawong/go/bin:/Users/nuntapongsiripanyawong/.sdkman/candidates/java/current/bin:/Users/nuntapongsiripanyawong/.sdkman/candidates/gradle/current/bin:/usr/local/bin:/Users/nuntapongsiripanyawong/.nvm/versions/node/v18.0.0/bin:/opt/homebrew/bin:/opt/homebrew/sbin:/usr/local/bin:/usr/bin:/bin:/usr/sbin:/sbin:/usr/local/go/bin:/Library/Apple/usr/bin:/Users/nuntapongsiripanyawong/.rvm/bin:/Users/nuntapongsiripanyawong/.rvm/bin
# environment
LSCOLORS = Gxfxcxdxbxegedabagacad
# environment
rvm_stored_umask = 022
# environment
SDKMAN_DIR = /Users/nuntapongsiripanyawong/.sdkman
# environment
SDKMAN_CANDIDATES_API = https://api.sdkman.io/2
# environment
GOPATH = /Users/nuntapongsiripanyawong/go
# environment
NVM_BIN = /Users/nuntapongsiripanyawong/.nvm/versions/node/v18.0.0/bin
# environment
SDKMAN_PLATFORM = darwinarm64
# environment
ELECTRON_RUN_AS_NODE = 1
# default
.FEATURES := target-specific order-only second-expansion else-if archives jobserver check-symlink
# environment
SSH_AUTH_SOCK = /private/tmp/com.apple.launchd.lNM2OmL852/Listeners
# automatic
%F = $(notdir $%)
# environment
GOBIN = /Users/nuntapongsiripanyawong/go/bin
# environment
rvm_bin_path = /Users/nuntapongsiripanyawong/.rvm/bin
# environment
PWD = /Users/nuntapongsiripanyawong/go-echo
# environment
HOMEBREW_CELLAR = /opt/homebrew/Cellar
# environment
ORIGINAL_XDG_CURRENT_DESKTOP = undefined
# environment
MANPATH = /Users/nuntapongsiripanyawong/.nvm/versions/node/v18.0.0/share/man:/opt/homebrew/share/man::
# environment
GOMODCACHE = /Users/nuntapongsiripanyawong/go/pkg/mod
# environment
HOME = /Users/nuntapongsiripanyawong
# default
MAKEFILEPATH = $(shell /usr/bin/xcode-select -print-path 2>/dev/null || echo /Developer)/Makefiles
# environment
VSCODE_CODE_CACHE_PATH = /Users/nuntapongsiripanyawong/Library/Application Support/Code/CachedData/784b0177c56c607789f9638da7b6bf3230d47a8c
# environment
LOGNAME = nuntapongsiripanyawong
# environment
APPLICATION_INSIGHTS_NO_DIAGNOSTIC_CHANNEL = 1
# environment
NVM_CD_FLAGS = -q
# environment
ZSH = /Users/nuntapongsiripanyawong/.oh-my-zsh
# environment
VSCODE_HANDLES_UNCAUGHT_ERRORS = true
# automatic
^D = $(patsubst %/,%,$(dir $^))
# environment
XPC_FLAGS = 0x0
# environment
SDKMAN_VERSION = 5.15.0
# default
MAKE = $(MAKE_COMMAND)
# default
MAKECMDGOALS := all
# environment
SHLVL = 1
# environment
JAVA_HOME = /Users/nuntapongsiripanyawong/.sdkman/candidates/java/current
# default
MAKE_VERSION := 3.81
# environment
USER = nuntapongsiripanyawong
# makefile
.DEFAULT_GOAL := run
# environment
GOROOT = /Users/nuntapongsiripanyawong/sdk/go
# environment
rvm_version = 1.29.12-next (master)
# environment
LESS = -R
# automatic
%D = $(patsubst %/,%,$(dir $%))
# default
MAKE_COMMAND := /Library/Developer/CommandLineTools/usr/bin/make
# default
.VARIABLES := 
# environment
TMPDIR = /var/folders/sq/c8457btx7z3_0l8pvcrf7b8h0000gn/T/
# automatic
*F = $(notdir $*)
# environment
VSCODE_IPC_HOOK = /Users/nuntapongsiripanyawong/Library/Application Support/Code/1.71.0-main.sock
# environment
MallocNanoZone = 0
# makefile
MAKEFLAGS = Rrqp
# environment
MFLAGS = -Rrqp
# automatic
*D = $(patsubst %/,%,$(dir $*))
# environment
NVM_DIR = /Users/nuntapongsiripanyawong/.nvm
# environment
XPC_SERVICE_NAME = application.com.microsoft.VSCode.15999720.15999726
# environment
HOMEBREW_PREFIX = /opt/homebrew
# automatic
+D = $(patsubst %/,%,$(dir $+))
# environment
rvm_user_install_flag = 1
# automatic
+F = $(notdir $+)
# environment
HOMEBREW_REPOSITORY = /opt/homebrew
# environment
__CF_USER_TEXT_ENCODING = 0x1F5:0x0:0x0
# environment
COMMAND_MODE = unix2003
# default
MAKEFILES := 
# automatic
<F = $(notdir $<)
# environment
SDKMAN_CANDIDATES_DIR = /Users/nuntapongsiripanyawong/.sdkman/candidates
# environment
PAGER = less
# environment
LC_ALL = C
# automatic
^F = $(notdir $^)
# environment
rvm_prefix = /Users/nuntapongsiripanyawong
# default
SUFFIXES := 
# default
.INCLUDE_DIRS = /usr/local/include
# environment
rvm_loaded_flag = 1
# environment
MAKELEVEL := 0
# environment
LANG = C
# environment
VSCODE_PID = 5918
# variable set hash-table stats:
# Load=91/1024=9%, Rehash=0, Collisions=2/115=2%

# Pattern-specific Variable Values

# No pattern-specific variable values.

# Directories

# . (device 16777233, inode 8834872): 18 files, no impossibilities.

# 18 files, no impossibilities in 1 directories.

# Implicit Rules

# No implicit rules.

# Files

# Not a target:
all:
#  Command-line target.
#  Implicit rule search has been done.
#  File does not exist.
#  File has not been updated.
# variable set hash-table stats:
# Load=0/32=0%, Rehash=0, Collisions=0/0=0%

up:
#  Implicit rule search has not been done.
#  Modification time never checked.
#  File has not been updated.
#  commands to execute (from `Makefile', line 4):
	docker compose up -d
	

# Not a target:
.SUFFIXES:
#  Implicit rule search has not been done.
#  Modification time never checked.
#  File has not been updated.

# Not a target:
Makefile:
#  Implicit rule search has been done.
#  Last modified 2022-08-09 22:13:38
#  File has been updated.
#  Successfully updated.
# variable set hash-table stats:
# Load=0/32=0%, Rehash=0, Collisions=0/0=0%

# Not a target:
.DEFAULT:
#  Implicit rule search has not been done.
#  Modification time never checked.
#  File has not been updated.

run:
#  Implicit rule search has not been done.
#  Modification time never checked.
#  File has not been updated.
#  commands to execute (from `Makefile', line 2):
	go run main.go
	

down:
#  Implicit rule search has not been done.
#  Modification time never checked.
#  File has not been updated.
#  commands to execute (from `Makefile', line 6):
	docker compose down
	

# files hash-table stats:
# Load=7/1024=1%, Rehash=0, Collisions=0/19=0%
# VPATH Search Paths

# No `vpath' search paths.

# No general (`VPATH' variable) search path.

# # of strings in strcache: 1
# # of strcache buffers: 1
# strcache size: total = 4096 / max = 4096 / min = 4096 / avg = 4096
# strcache free: total = 4087 / max = 4087 / min = 4087 / avg = 4087

# Finished Make data base on Tue Sep 13 14:27:09 2022

 
make: *** No rule to make target `all'.  Stop.

